2025-01-04 21:53:33,851 [Worker-5: Loading available Gradle versions] INFO  o.e.b.c.i.u.g.PublishedGradleVersions - Gradle version information cache is not available. Remote download required.
2025-01-04 23:51:29,138 [Worker-17: Importing Maven projects] INFO  o.e.m.c.i.l.LifecycleMappingFactory - Using org.eclipse.m2e.jdt.JarLifecycleMapping lifecycle mapping for MavenProject: com.example:demo:0.0.1-SNAPSHOT @ /Volumes/HomeX/jagsrat/Documents/GitHub/TrainingSpringboot/Springboot-Demo/demo/pom.xml.
2025-01-04 23:51:32,409 [Worker-17: Importing Maven projects] INFO  o.e.m.j.i.AbstractJavaProjectConfigurator - Adding source folder /demo/src/main/java
2025-01-04 23:51:32,457 [Worker-17: Importing Maven projects] INFO  o.e.m.j.i.AbstractJavaProjectConfigurator - Adding resource folder /demo/src/main/resources
2025-01-04 23:51:32,458 [Worker-17: Importing Maven projects] INFO  o.e.m.j.i.AbstractJavaProjectConfigurator - Adding resource folder /demo/src/main/resources
2025-01-04 23:51:32,461 [Worker-17: Importing Maven projects] INFO  o.e.m.j.i.AbstractJavaProjectConfigurator - Adding source folder /demo/src/test/java
2025-01-04 23:51:32,463 [Worker-17: Importing Maven projects] INFO  o.e.m.j.i.AbstractJavaProjectConfigurator - Adding resource folder /demo/src/test/resources
2025-01-04 23:51:33,845 [Worker-17: Importing Maven projects] INFO  o.e.m.c.i.p.ProjectConfigurationManager - Imported and configured 1 project(s) in 6 sec
2025-01-04 23:51:38,450 [Worker-17: Building] INFO  o.a.m.s.f.DefaultMavenResourcesFiltering - Copying 1 resource from src/main/resources to target/classes
2025-01-04 23:51:38,483 [Worker-17: Building] INFO  o.a.m.s.f.DefaultMavenResourcesFiltering - Copying 0 resource from src/main/resources to target/classes
2025-01-04 23:51:38,577 [Worker-17: Building] INFO  o.a.m.s.f.DefaultMavenResourcesFiltering - skip non existing resourceDirectory /Volumes/HomeX/jagsrat/Documents/GitHub/TrainingSpringboot/Springboot-Demo/demo/src/test/resources
2025-01-04 23:53:04,605 [Worker-30: Building] INFO  o.a.m.s.f.DefaultMavenResourcesFiltering - Copying 0 resource from src/main/resources to target/classes
2025-01-04 23:53:04,605 [Worker-30: Building] INFO  o.a.m.s.f.DefaultMavenResourcesFiltering - Copying 0 resource from src/main/resources to target/classes
2025-01-04 23:53:04,611 [Worker-30: Building] INFO  o.a.m.s.f.DefaultMavenResourcesFiltering - skip non existing resourceDirectory /Volumes/HomeX/jagsrat/Documents/GitHub/TrainingSpringboot/Springboot-Demo/demo/src/test/resources
2025-01-04 23:53:06,832 [Worker-17: Building] INFO  o.a.m.s.f.DefaultMavenResourcesFiltering - Copying 0 resource from src/main/resources to target/classes
2025-01-04 23:53:06,833 [Worker-17: Building] INFO  o.a.m.s.f.DefaultMavenResourcesFiltering - Copying 0 resource from src/main/resources to target/classes
2025-01-04 23:53:06,837 [Worker-17: Building] INFO  o.a.m.s.f.DefaultMavenResourcesFiltering - skip non existing resourceDirectory /Volumes/HomeX/jagsrat/Documents/GitHub/TrainingSpringboot/Springboot-Demo/demo/src/test/resources
2025-01-04 23:56:07,888 [Worker-21: Building] INFO  o.a.m.s.f.DefaultMavenResourcesFiltering - Copying 1 resource from src/main/resources to target/classes
2025-01-04 23:56:07,899 [Worker-21: Building] INFO  o.a.m.s.f.DefaultMavenResourcesFiltering - Copying 0 resource from src/main/resources to target/classes
2025-01-04 23:56:07,903 [Worker-21: Building] INFO  o.a.m.s.f.DefaultMavenResourcesFiltering - skip non existing resourceDirectory /Volumes/HomeX/jagsrat/Documents/GitHub/TrainingSpringboot/Springboot-Demo/demo/src/test/resources
2025-01-04 23:57:34,457 [Worker-22: Building] INFO  o.a.m.s.f.DefaultMavenResourcesFiltering - Copying 1 resource from src/main/resources to target/classes
2025-01-04 23:57:34,465 [Worker-22: Building] INFO  o.a.m.s.f.DefaultMavenResourcesFiltering - Copying 0 resource from src/main/resources to target/classes
2025-01-04 23:57:34,472 [Worker-22: Building] INFO  o.a.m.s.f.DefaultMavenResourcesFiltering - skip non existing resourceDirectory /Volumes/HomeX/jagsrat/Documents/GitHub/TrainingSpringboot/Springboot-Demo/demo/src/test/resources
2025-01-04 23:58:10,628 [Worker-20: Building] INFO  o.a.m.s.f.DefaultMavenResourcesFiltering - Copying 1 resource from src/main/resources to target/classes
2025-01-04 23:58:10,631 [Worker-20: Building] INFO  o.a.m.s.f.DefaultMavenResourcesFiltering - Copying 0 resource from src/main/resources to target/classes
2025-01-04 23:58:10,634 [Worker-20: Building] INFO  o.a.m.s.f.DefaultMavenResourcesFiltering - skip non existing resourceDirectory /Volumes/HomeX/jagsrat/Documents/GitHub/TrainingSpringboot/Springboot-Demo/demo/src/test/resources
2025-01-04 23:58:16,539 [Worker-22: Building] INFO  o.a.m.s.f.DefaultMavenResourcesFiltering - Copying 1 resource from src/main/resources to target/classes
2025-01-04 23:58:16,541 [Worker-22: Building] INFO  o.a.m.s.f.DefaultMavenResourcesFiltering - Copying 0 resource from src/main/resources to target/classes
2025-01-04 23:58:16,548 [Worker-22: Building] INFO  o.a.m.s.f.DefaultMavenResourcesFiltering - skip non existing resourceDirectory /Volumes/HomeX/jagsrat/Documents/GitHub/TrainingSpringboot/Springboot-Demo/demo/src/test/resources
2025-01-04 23:58:50,465 [Worker-22: Building] INFO  o.a.m.s.f.DefaultMavenResourcesFiltering - Copying 1 resource from src/main/resources to target/classes
2025-01-04 23:58:50,472 [Worker-22: Building] INFO  o.a.m.s.f.DefaultMavenResourcesFiltering - Copying 0 resource from src/main/resources to target/classes
2025-01-04 23:58:50,481 [Worker-22: Building] INFO  o.a.m.s.f.DefaultMavenResourcesFiltering - skip non existing resourceDirectory /Volumes/HomeX/jagsrat/Documents/GitHub/TrainingSpringboot/Springboot-Demo/demo/src/test/resources
2025-01-04 23:59:13,663 [Worker-21: Building] INFO  o.a.m.s.f.DefaultMavenResourcesFiltering - Copying 1 resource from src/main/resources to target/classes
2025-01-04 23:59:13,667 [Worker-21: Building] INFO  o.a.m.s.f.DefaultMavenResourcesFiltering - Copying 0 resource from src/main/resources to target/classes
2025-01-04 23:59:13,671 [Worker-21: Building] INFO  o.a.m.s.f.DefaultMavenResourcesFiltering - skip non existing resourceDirectory /Volumes/HomeX/jagsrat/Documents/GitHub/TrainingSpringboot/Springboot-Demo/demo/src/test/resources
2025-01-04 23:59:44,045 [Worker-30: Building] INFO  o.a.m.s.f.DefaultMavenResourcesFiltering - Copying 1 resource from src/main/resources to target/classes
2025-01-04 23:59:44,053 [Worker-30: Building] INFO  o.a.m.s.f.DefaultMavenResourcesFiltering - Copying 0 resource from src/main/resources to target/classes
2025-01-04 23:59:44,056 [Worker-30: Building] INFO  o.a.m.s.f.DefaultMavenResourcesFiltering - skip non existing resourceDirectory /Volumes/HomeX/jagsrat/Documents/GitHub/TrainingSpringboot/Springboot-Demo/demo/src/test/resources
2025-01-05 00:00:32,173 [Worker-29: Building] INFO  o.a.m.s.f.DefaultMavenResourcesFiltering - Copying 0 resource from src/main/resources to target/classes
2025-01-05 00:00:32,174 [Worker-29: Building] INFO  o.a.m.s.f.DefaultMavenResourcesFiltering - Copying 0 resource from src/main/resources to target/classes
2025-01-05 00:00:32,177 [Worker-29: Building] INFO  o.a.m.s.f.DefaultMavenResourcesFiltering - skip non existing resourceDirectory /Volumes/HomeX/jagsrat/Documents/GitHub/TrainingSpringboot/Springboot-Demo/demo/src/test/resources
2025-01-05 00:00:42,507 [Worker-20: Building] INFO  o.a.m.s.f.DefaultMavenResourcesFiltering - Copying 0 resource from src/main/resources to target/classes
2025-01-05 00:00:42,507 [Worker-20: Building] INFO  o.a.m.s.f.DefaultMavenResourcesFiltering - Copying 0 resource from src/main/resources to target/classes
2025-01-05 00:00:42,509 [Worker-20: Building] INFO  o.a.m.s.f.DefaultMavenResourcesFiltering - skip non existing resourceDirectory /Volumes/HomeX/jagsrat/Documents/GitHub/TrainingSpringboot/Springboot-Demo/demo/src/test/resources
2025-01-05 00:00:49,440 [Worker-29: Building] INFO  o.a.m.s.f.DefaultMavenResourcesFiltering - Copying 0 resource from src/main/resources to target/classes
2025-01-05 00:00:49,440 [Worker-29: Building] INFO  o.a.m.s.f.DefaultMavenResourcesFiltering - Copying 0 resource from src/main/resources to target/classes
2025-01-05 00:00:49,442 [Worker-29: Building] INFO  o.a.m.s.f.DefaultMavenResourcesFiltering - skip non existing resourceDirectory /Volumes/HomeX/jagsrat/Documents/GitHub/TrainingSpringboot/Springboot-Demo/demo/src/test/resources
2025-01-05 00:03:40,443 [Worker-27: Building] INFO  o.a.m.s.f.DefaultMavenResourcesFiltering - Copying 0 resource from src/main/resources to target/classes
2025-01-05 00:03:40,444 [Worker-27: Building] INFO  o.a.m.s.f.DefaultMavenResourcesFiltering - Copying 0 resource from src/main/resources to target/classes
2025-01-05 00:03:40,446 [Worker-27: Building] INFO  o.a.m.s.f.DefaultMavenResourcesFiltering - skip non existing resourceDirectory /Volumes/HomeX/jagsrat/Documents/GitHub/TrainingSpringboot/Springboot-Demo/demo/src/test/resources
2025-01-05 00:03:42,480 [Worker-25: Building] INFO  o.a.m.s.f.DefaultMavenResourcesFiltering - Copying 0 resource from src/main/resources to target/classes
2025-01-05 00:03:42,481 [Worker-25: Building] INFO  o.a.m.s.f.DefaultMavenResourcesFiltering - Copying 0 resource from src/main/resources to target/classes
2025-01-05 00:03:42,489 [Worker-25: Building] INFO  o.a.m.s.f.DefaultMavenResourcesFiltering - skip non existing resourceDirectory /Volumes/HomeX/jagsrat/Documents/GitHub/TrainingSpringboot/Springboot-Demo/demo/src/test/resources
2025-01-05 00:05:27,723 [Worker-25: Building] INFO  o.a.m.s.f.DefaultMavenResourcesFiltering - Copying 1 resource from src/main/resources to target/classes
2025-01-05 00:05:27,729 [Worker-25: Building] INFO  o.a.m.s.f.DefaultMavenResourcesFiltering - Copying 0 resource from src/main/resources to target/classes
2025-01-05 00:05:27,734 [Worker-25: Building] INFO  o.a.m.s.f.DefaultMavenResourcesFiltering - skip non existing resourceDirectory /Volumes/HomeX/jagsrat/Documents/GitHub/TrainingSpringboot/Springboot-Demo/demo/src/test/resources
2025-01-05 00:16:03,234 [Worker-34: Building] INFO  o.a.m.s.f.DefaultMavenResourcesFiltering - Copying 0 resource from src/main/resources to target/classes
2025-01-05 00:16:03,236 [Worker-34: Building] INFO  o.a.m.s.f.DefaultMavenResourcesFiltering - Copying 0 resource from src/main/resources to target/classes
2025-01-05 00:16:03,241 [Worker-34: Building] INFO  o.a.m.s.f.DefaultMavenResourcesFiltering - skip non existing resourceDirectory /Volumes/HomeX/jagsrat/Documents/GitHub/TrainingSpringboot/Springboot-Demo/demo/src/test/resources
2025-01-05 00:16:18,579 [Worker-34: Building] INFO  o.a.m.s.f.DefaultMavenResourcesFiltering - Copying 0 resource from src/main/resources to target/classes
2025-01-05 00:16:18,580 [Worker-34: Building] INFO  o.a.m.s.f.DefaultMavenResourcesFiltering - Copying 0 resource from src/main/resources to target/classes
2025-01-05 00:16:18,583 [Worker-34: Building] INFO  o.a.m.s.f.DefaultMavenResourcesFiltering - skip non existing resourceDirectory /Volumes/HomeX/jagsrat/Documents/GitHub/TrainingSpringboot/Springboot-Demo/demo/src/test/resources
2025-01-05 00:16:20,626 [Worker-22: Building] INFO  o.a.m.s.f.DefaultMavenResourcesFiltering - Copying 0 resource from src/main/resources to target/classes
2025-01-05 00:16:20,627 [Worker-22: Building] INFO  o.a.m.s.f.DefaultMavenResourcesFiltering - Copying 0 resource from src/main/resources to target/classes
2025-01-05 00:16:20,629 [Worker-22: Building] INFO  o.a.m.s.f.DefaultMavenResourcesFiltering - skip non existing resourceDirectory /Volumes/HomeX/jagsrat/Documents/GitHub/TrainingSpringboot/Springboot-Demo/demo/src/test/resources
2025-01-05 08:03:45,588 [Worker-6: Loading available Gradle versions] INFO  o.e.b.c.i.u.g.PublishedGradleVersions - Gradle version information cache is up-to-date. Trying to read.
2025-01-05 08:23:48,821 [Worker-1: Building] INFO  o.a.m.s.f.DefaultMavenResourcesFiltering - Copying 1 resource from src/main/resources to target/classes
2025-01-05 08:23:49,049 [Worker-1: Building] INFO  o.a.m.s.f.DefaultMavenResourcesFiltering - Copying 0 resource from src/main/resources to target/classes
2025-01-05 08:23:49,190 [Worker-1: Building] INFO  o.a.m.s.f.DefaultMavenResourcesFiltering - skip non existing resourceDirectory /Volumes/HomeX/jagsrat/Documents/GitHub/TrainingSpringboot/Springboot-Demo/demo/src/test/resources
2025-01-05 08:42:48,450 [Worker-7: Building] INFO  o.a.m.s.f.DefaultMavenResourcesFiltering - Copying 1 resource from src/main/resources to target/classes
2025-01-05 08:42:48,460 [Worker-7: Building] INFO  o.a.m.s.f.DefaultMavenResourcesFiltering - Copying 0 resource from src/main/resources to target/classes
2025-01-05 08:42:48,463 [Worker-7: Building] INFO  o.a.m.s.f.DefaultMavenResourcesFiltering - skip non existing resourceDirectory /Volumes/HomeX/jagsrat/Documents/GitHub/TrainingSpringboot/Springboot-Demo/demo/src/test/resources
2025-01-05 08:43:15,867 [Worker-23: Building] INFO  o.a.m.s.f.DefaultMavenResourcesFiltering - Copying 1 resource from src/main/resources to target/classes
2025-01-05 08:43:15,870 [Worker-23: Building] INFO  o.a.m.s.f.DefaultMavenResourcesFiltering - Copying 0 resource from src/main/resources to target/classes
2025-01-05 08:43:15,872 [Worker-23: Building] INFO  o.a.m.s.f.DefaultMavenResourcesFiltering - skip non existing resourceDirectory /Volumes/HomeX/jagsrat/Documents/GitHub/TrainingSpringboot/Springboot-Demo/demo/src/test/resources
2025-01-05 08:43:44,517 [Worker-15: Building] INFO  o.a.m.s.f.DefaultMavenResourcesFiltering - Copying 0 resource from src/main/resources to target/classes
2025-01-05 08:43:44,519 [Worker-15: Building] INFO  o.a.m.s.f.DefaultMavenResourcesFiltering - Copying 0 resource from src/main/resources to target/classes
2025-01-05 08:43:44,520 [Worker-15: Building] INFO  o.a.m.s.f.DefaultMavenResourcesFiltering - skip non existing resourceDirectory /Volumes/HomeX/jagsrat/Documents/GitHub/TrainingSpringboot/Springboot-Demo/demo/src/test/resources
2025-01-05 08:44:06,527 [Worker-7: Building] INFO  o.a.m.s.f.DefaultMavenResourcesFiltering - Copying 1 resource from src/main/resources to target/classes
2025-01-05 08:44:06,528 [Worker-7: Building] INFO  o.a.m.s.f.DefaultMavenResourcesFiltering - Copying 0 resource from src/main/resources to target/classes
2025-01-05 08:44:06,530 [Worker-7: Building] INFO  o.a.m.s.f.DefaultMavenResourcesFiltering - skip non existing resourceDirectory /Volumes/HomeX/jagsrat/Documents/GitHub/TrainingSpringboot/Springboot-Demo/demo/src/test/resources
2025-01-05 08:44:27,862 [Worker-24: Building] INFO  o.a.m.s.f.DefaultMavenResourcesFiltering - Copying 1 resource from src/main/resources to target/classes
2025-01-05 08:44:27,874 [Worker-24: Building] INFO  o.a.m.s.f.DefaultMavenResourcesFiltering - Copying 0 resource from src/main/resources to target/classes
2025-01-05 08:44:27,884 [Worker-24: Building] INFO  o.a.m.s.f.DefaultMavenResourcesFiltering - skip non existing resourceDirectory /Volumes/HomeX/jagsrat/Documents/GitHub/TrainingSpringboot/Springboot-Demo/demo/src/test/resources
2025-01-05 08:44:56,101 [Worker-25: Building] INFO  o.a.m.s.f.DefaultMavenResourcesFiltering - Copying 0 resource from src/main/resources to target/classes
2025-01-05 08:44:56,101 [Worker-25: Building] INFO  o.a.m.s.f.DefaultMavenResourcesFiltering - Copying 0 resource from src/main/resources to target/classes
2025-01-05 08:44:56,104 [Worker-25: Building] INFO  o.a.m.s.f.DefaultMavenResourcesFiltering - skip non existing resourceDirectory /Volumes/HomeX/jagsrat/Documents/GitHub/TrainingSpringboot/Springboot-Demo/demo/src/test/resources
2025-01-05 08:44:58,184 [Worker-15: Building] INFO  o.a.m.s.f.DefaultMavenResourcesFiltering - Copying 0 resource from src/main/resources to target/classes
2025-01-05 08:44:58,184 [Worker-15: Building] INFO  o.a.m.s.f.DefaultMavenResourcesFiltering - Copying 0 resource from src/main/resources to target/classes
2025-01-05 08:44:58,188 [Worker-15: Building] INFO  o.a.m.s.f.DefaultMavenResourcesFiltering - skip non existing resourceDirectory /Volumes/HomeX/jagsrat/Documents/GitHub/TrainingSpringboot/Springboot-Demo/demo/src/test/resources
2025-01-05 09:13:49,391 [Worker-24: Building] INFO  o.a.m.s.f.DefaultMavenResourcesFiltering - Copying 0 resource from src/main/resources to target/classes
2025-01-05 09:13:49,392 [Worker-24: Building] INFO  o.a.m.s.f.DefaultMavenResourcesFiltering - Copying 0 resource from src/main/resources to target/classes
2025-01-05 09:13:49,395 [Worker-24: Building] INFO  o.a.m.s.f.DefaultMavenResourcesFiltering - skip non existing resourceDirectory /Volumes/HomeX/jagsrat/Documents/GitHub/TrainingSpringboot/Springboot-Demo/demo/src/test/resources
2025-01-05 09:14:00,610 [Worker-24: Building] INFO  o.a.m.s.f.DefaultMavenResourcesFiltering - Copying 0 resource from src/main/resources to target/classes
2025-01-05 09:14:00,611 [Worker-24: Building] INFO  o.a.m.s.f.DefaultMavenResourcesFiltering - Copying 0 resource from src/main/resources to target/classes
2025-01-05 09:14:00,614 [Worker-24: Building] INFO  o.a.m.s.f.DefaultMavenResourcesFiltering - skip non existing resourceDirectory /Volumes/HomeX/jagsrat/Documents/GitHub/TrainingSpringboot/Springboot-Demo/demo/src/test/resources
2025-01-05 09:32:10,112 [Worker-15: Building] INFO  o.a.m.s.f.DefaultMavenResourcesFiltering - Copying 3 resources from src/main/resources to target/classes
2025-01-05 09:32:10,126 [Worker-15: Building] INFO  o.a.m.s.f.DefaultMavenResourcesFiltering - Copying 0 resource from src/main/resources to target/classes
2025-01-05 09:32:10,152 [Worker-15: Building] INFO  o.a.m.s.f.DefaultMavenResourcesFiltering - skip non existing resourceDirectory /Volumes/HomeX/jagsrat/Documents/GitHub/TrainingSpringboot/Springboot-Demo/demo/src/test/resources
2025-01-05 09:34:50,007 [Worker-26: Building] INFO  o.a.m.s.f.DefaultMavenResourcesFiltering - Copying 3 resources from src/main/resources to target/classes
2025-01-05 09:34:50,016 [Worker-26: Building] INFO  o.a.m.s.f.DefaultMavenResourcesFiltering - Copying 0 resource from src/main/resources to target/classes
2025-01-05 09:34:50,021 [Worker-26: Building] INFO  o.a.m.s.f.DefaultMavenResourcesFiltering - skip non existing resourceDirectory /Volumes/HomeX/jagsrat/Documents/GitHub/TrainingSpringboot/Springboot-Demo/demo/src/test/resources
2025-01-05 09:36:57,824 [Worker-28: Building] INFO  o.a.m.s.f.DefaultMavenResourcesFiltering - Copying 3 resources from src/main/resources to target/classes
2025-01-05 09:36:57,829 [Worker-28: Building] INFO  o.a.m.s.f.DefaultMavenResourcesFiltering - Copying 0 resource from src/main/resources to target/classes
2025-01-05 09:36:57,831 [Worker-28: Building] INFO  o.a.m.s.f.DefaultMavenResourcesFiltering - skip non existing resourceDirectory /Volumes/HomeX/jagsrat/Documents/GitHub/TrainingSpringboot/Springboot-Demo/demo/src/test/resources
